[debug] [2022-11-03T02:03:29.943Z] ----------------------------------------------------------------------
[debug] [2022-11-03T02:03:29.945Z] Command:       /usr/local/bin/node /usr/local/bin/firebase init
[debug] [2022-11-03T02:03:29.945Z] CLI Version:   11.16.0
[debug] [2022-11-03T02:03:29.945Z] Platform:      darwin
[debug] [2022-11-03T02:03:29.945Z] Node Version:  v16.14.2
[debug] [2022-11-03T02:03:29.947Z] Time:          Thu Nov 03 2022 03:03:29 GMT+0100 (Central European Standard Time)
[debug] [2022-11-03T02:03:29.947Z] ----------------------------------------------------------------------
[debug] 
[debug] [2022-11-03T02:03:29.949Z] >>> [apiv2][query] GET https://firebase-public.firebaseio.com/cli.json [none]
[debug] [2022-11-03T02:03:29.973Z] > command requires scopes: ["email","openid","https://www.googleapis.com/auth/cloudplatformprojects.readonly","https://www.googleapis.com/auth/firebase","https://www.googleapis.com/auth/cloud-platform"]
[debug] [2022-11-03T02:03:29.973Z] > authorizing via signed-in user (j.ferenc@historylab.cz)
[info] 
     ######## #### ########  ######## ########     ###     ######  ########
     ##        ##  ##     ## ##       ##     ##  ##   ##  ##       ##
     ######    ##  ########  ######   ########  #########  ######  ######
     ##        ##  ##    ##  ##       ##     ## ##     ##       ## ##
     ##       #### ##     ## ######## ########  ##     ##  ######  ########

You're about to initialize a Firebase project in this directory:

  /Volumes/Jakub - Data/dev/ustr-prochazky/ustr-mdh-prochazka-muzeum

Before we get started, keep in mind:

  * You are currently outside your home directory

[debug] [2022-11-03T02:03:30.315Z] <<< [apiv2][status] GET https://firebase-public.firebaseio.com/cli.json 200
[debug] [2022-11-03T02:03:30.315Z] <<< [apiv2][body] GET https://firebase-public.firebaseio.com/cli.json {"cloudBuildErrorAfter":1594252800000,"cloudBuildWarnAfter":1590019200000,"defaultNode10After":1594252800000,"minVersion":"3.0.5","node8DeploysDisabledAfter":1613390400000,"node8RuntimeDisabledAfter":1615809600000,"node8WarnAfter":1600128000000}
[info] 
=== Project Setup
[info] 
[info] First, let's associate this project directory with a Firebase project.
[info] You can create multiple project aliases by running firebase use --add, 
[info] but for now we'll just set up a default project.
[info] 
[debug] [2022-11-03T02:03:48.857Z] Using project from CLI flag: mdh-prochazky-all
[debug] [2022-11-03T02:03:48.858Z] > refreshing access token with scopes: []
[debug] [2022-11-03T02:03:48.859Z] >>> [apiv2][query] POST https://www.googleapis.com/oauth2/v3/token [none]
[debug] [2022-11-03T02:03:48.860Z] >>> [apiv2][body] POST https://www.googleapis.com/oauth2/v3/token [omitted]
[debug] [2022-11-03T02:03:48.984Z] <<< [apiv2][status] POST https://www.googleapis.com/oauth2/v3/token 400
[debug] [2022-11-03T02:03:48.984Z] <<< [apiv2][body] POST https://www.googleapis.com/oauth2/v3/token [omitted]
[debug] [2022-11-03T02:03:48.984Z] >>> [apiv2][query] GET https://firebase.googleapis.com/v1beta1/projects/mdh-prochazky-all [none]
[debug] [2022-11-03T02:03:49.105Z] <<< [apiv2][status] GET https://firebase.googleapis.com/v1beta1/projects/mdh-prochazky-all 401
[debug] [2022-11-03T02:03:49.105Z] <<< [apiv2][body] GET https://firebase.googleapis.com/v1beta1/projects/mdh-prochazky-all {"error":{"code":401,"message":"Request had invalid authentication credentials. Expected OAuth 2 access token, login cookie or other valid authentication credential. See https://developers.google.com/identity/sign-in/web/devconsole-project.","status":"UNAUTHENTICATED"}}
[debug] [2022-11-03T02:03:49.106Z] HTTP Error: 401, Request had invalid authentication credentials. Expected OAuth 2 access token, login cookie or other valid authentication credential. See https://developers.google.com/identity/sign-in/web/devconsole-project.
[debug] [2022-11-03T02:03:49.191Z] FirebaseError: HTTP Error: 401, Request had invalid authentication credentials. Expected OAuth 2 access token, login cookie or other valid authentication credential. See https://developers.google.com/identity/sign-in/web/devconsole-project.
    at responseToError (/usr/local/lib/node_modules/firebase-tools/lib/responseToError.js:49:12)
    at RetryOperation._fn (/usr/local/lib/node_modules/firebase-tools/lib/apiv2.js:288:77)
    at processTicksAndRejections (node:internal/process/task_queues:96:5)
[error] 
[error] Error: Failed to get Firebase project mdh-prochazky-all. Please make sure the project exists and your account has permission to access it.
